08-Apr-2025 12:14:51.795 INFO [main] org.apache.catalina.startup.VersionLoggerListener.log Server version name:   Apache Tomcat/9.0.99
08-Apr-2025 12:14:51.799 INFO [main] org.apache.catalina.startup.VersionLoggerListener.log Server built:          Feb 4 2025 20:08:08 UTC
08-Apr-2025 12:14:51.799 INFO [main] org.apache.catalina.startup.VersionLoggerListener.log Server version number: 9.0.99.0
08-Apr-2025 12:14:51.799 INFO [main] org.apache.catalina.startup.VersionLoggerListener.log OS Name:               Linux
08-Apr-2025 12:14:51.799 INFO [main] org.apache.catalina.startup.VersionLoggerListener.log OS Version:            5.15.0-136-generic
08-Apr-2025 12:14:51.799 INFO [main] org.apache.catalina.startup.VersionLoggerListener.log Architecture:          amd64
08-Apr-2025 12:14:51.799 INFO [main] org.apache.catalina.startup.VersionLoggerListener.log Java Home:             /usr/lib/jvm/jdk-22.0.2-oracle-x64
08-Apr-2025 12:14:51.799 INFO [main] org.apache.catalina.startup.VersionLoggerListener.log JVM Version:           22.0.2+9-70
08-Apr-2025 12:14:51.799 INFO [main] org.apache.catalina.startup.VersionLoggerListener.log JVM Vendor:            Oracle Corporation
08-Apr-2025 12:14:51.799 INFO [main] org.apache.catalina.startup.VersionLoggerListener.log CATALINA_BASE:         /home/filamentai/IdeaProjects/hackathon
08-Apr-2025 12:14:51.799 INFO [main] org.apache.catalina.startup.VersionLoggerListener.log CATALINA_HOME:         /opt/tomcat
08-Apr-2025 12:14:51.805 INFO [main] org.apache.catalina.startup.VersionLoggerListener.log Command line argument: --add-opens=java.base/java.lang=ALL-UNNAMED
08-Apr-2025 12:14:51.805 INFO [main] org.apache.catalina.startup.VersionLoggerListener.log Command line argument: --add-opens=java.base/java.io=ALL-UNNAMED
08-Apr-2025 12:14:51.805 INFO [main] org.apache.catalina.startup.VersionLoggerListener.log Command line argument: --add-opens=java.base/java.util=ALL-UNNAMED
08-Apr-2025 12:14:51.805 INFO [main] org.apache.catalina.startup.VersionLoggerListener.log Command line argument: --add-opens=java.base/java.util.concurrent=ALL-UNNAMED
08-Apr-2025 12:14:51.805 INFO [main] org.apache.catalina.startup.VersionLoggerListener.log Command line argument: --add-opens=java.rmi/sun.rmi.transport=ALL-UNNAMED
08-Apr-2025 12:14:51.805 INFO [main] org.apache.catalina.startup.VersionLoggerListener.log Command line argument: -Dcatalina.home=/opt/tomcat
08-Apr-2025 12:14:51.805 INFO [main] org.apache.catalina.startup.VersionLoggerListener.log Command line argument: -Dcatalina.base=/home/filamentai/IdeaProjects/hackathon
08-Apr-2025 12:14:51.805 INFO [main] org.apache.catalina.startup.VersionLoggerListener.log Command line argument: -Djava.io.tmpdir=/home/filamentai/IdeaProjects/hackathon/temp
08-Apr-2025 12:14:51.805 INFO [main] org.apache.catalina.startup.VersionLoggerListener.log Command line argument: -Djava.util.logging.config.file=/home/filamentai/IdeaProjects/hackathon/conf/logging.properties
08-Apr-2025 12:14:51.805 INFO [main] org.apache.catalina.startup.VersionLoggerListener.log Command line argument: -Djava.util.logging.manager=org.apache.juli.ClassLoaderLogManager
08-Apr-2025 12:14:51.806 INFO [main] org.apache.catalina.startup.VersionLoggerListener.log Command line argument: -javaagent:/snap/intellij-idea-community/588/lib/idea_rt.jar=41759
08-Apr-2025 12:14:51.806 INFO [main] org.apache.catalina.startup.VersionLoggerListener.log Command line argument: -Dfile.encoding=UTF-8
08-Apr-2025 12:14:51.806 INFO [main] org.apache.catalina.startup.VersionLoggerListener.log Command line argument: -Dsun.stdout.encoding=UTF-8
08-Apr-2025 12:14:51.806 INFO [main] org.apache.catalina.startup.VersionLoggerListener.log Command line argument: -Dsun.stderr.encoding=UTF-8
08-Apr-2025 12:14:51.807 INFO [main] org.apache.catalina.core.AprLifecycleListener.lifecycleEvent The Apache Tomcat Native library which allows using OpenSSL was not found on the java.library.path: [/usr/java/packages/lib:/usr/lib64:/lib64:/lib:/usr/lib]
08-Apr-2025 12:14:52.166 INFO [main] org.apache.coyote.AbstractProtocol.init Initializing ProtocolHandler ["http-nio-8081"]
08-Apr-2025 12:14:52.187 INFO [main] org.apache.catalina.startup.Catalina.load Server initialization in [616] milliseconds
08-Apr-2025 12:14:52.228 INFO [main] org.apache.catalina.core.StandardService.startInternal Starting service [Catalina]
08-Apr-2025 12:14:52.228 INFO [main] org.apache.catalina.core.StandardEngine.startInternal Starting Servlet engine: [Apache Tomcat/9.0.99]
08-Apr-2025 12:14:52.235 INFO [main] org.apache.catalina.startup.HostConfig.deployDescriptor Deploying deployment descriptor [/home/filamentai/IdeaProjects/hackathon/conf/Catalina/localhost/hackathon.xml]
08-Apr-2025 12:14:52.757 INFO [main] org.apache.jasper.servlet.TldScanner.scanJars At least one JAR was scanned for TLDs yet contained no TLDs. Enable debug logging for this logger for a complete list of JARs that were scanned but no TLDs were found in them. Skipping unneeded JARs during scanning can improve startup time and JSP compilation time.
08-Apr-2025 12:14:52.782 INFO [main] org.apache.catalina.startup.HostConfig.deployDescriptor Deployment of deployment descriptor [/home/filamentai/IdeaProjects/hackathon/conf/Catalina/localhost/hackathon.xml] has finished in [546] ms
08-Apr-2025 12:14:52.784 INFO [main] org.apache.coyote.AbstractProtocol.start Starting ProtocolHandler ["http-nio-8081"]
08-Apr-2025 12:14:52.791 INFO [main] org.apache.catalina.startup.Catalina.start Server startup in [603] milliseconds
08-Apr-2025 12:14:56.058 INFO [Thread-1] org.apache.coyote.AbstractProtocol.pause Pausing ProtocolHandler ["http-nio-8081"]
08-Apr-2025 12:14:56.060 INFO [Thread-1] org.apache.catalina.core.StandardService.stopInternal Stopping service [Catalina]
08-Apr-2025 12:14:56.070 INFO [Thread-1] org.apache.coyote.AbstractProtocol.stop Stopping ProtocolHandler ["http-nio-8081"]
08-Apr-2025 12:14:56.072 INFO [Thread-1] org.apache.coyote.AbstractProtocol.destroy Destroying ProtocolHandler ["http-nio-8081"]
08-Apr-2025 12:14:57.915 INFO [main] org.apache.catalina.startup.VersionLoggerListener.log Server version name:   Apache Tomcat/9.0.99
08-Apr-2025 12:14:57.919 INFO [main] org.apache.catalina.startup.VersionLoggerListener.log Server built:          Feb 4 2025 20:08:08 UTC
08-Apr-2025 12:14:57.919 INFO [main] org.apache.catalina.startup.VersionLoggerListener.log Server version number: 9.0.99.0
08-Apr-2025 12:14:57.919 INFO [main] org.apache.catalina.startup.VersionLoggerListener.log OS Name:               Linux
08-Apr-2025 12:14:57.919 INFO [main] org.apache.catalina.startup.VersionLoggerListener.log OS Version:            5.15.0-136-generic
08-Apr-2025 12:14:57.920 INFO [main] org.apache.catalina.startup.VersionLoggerListener.log Architecture:          amd64
08-Apr-2025 12:14:57.920 INFO [main] org.apache.catalina.startup.VersionLoggerListener.log Java Home:             /usr/lib/jvm/jdk-22.0.2-oracle-x64
08-Apr-2025 12:14:57.920 INFO [main] org.apache.catalina.startup.VersionLoggerListener.log JVM Version:           22.0.2+9-70
08-Apr-2025 12:14:57.920 INFO [main] org.apache.catalina.startup.VersionLoggerListener.log JVM Vendor:            Oracle Corporation
08-Apr-2025 12:14:57.920 INFO [main] org.apache.catalina.startup.VersionLoggerListener.log CATALINA_BASE:         /home/filamentai/IdeaProjects/hackathon
08-Apr-2025 12:14:57.920 INFO [main] org.apache.catalina.startup.VersionLoggerListener.log CATALINA_HOME:         /opt/tomcat
08-Apr-2025 12:14:57.927 INFO [main] org.apache.catalina.startup.VersionLoggerListener.log Command line argument: --add-opens=java.base/java.lang=ALL-UNNAMED
08-Apr-2025 12:14:57.927 INFO [main] org.apache.catalina.startup.VersionLoggerListener.log Command line argument: --add-opens=java.base/java.io=ALL-UNNAMED
08-Apr-2025 12:14:57.927 INFO [main] org.apache.catalina.startup.VersionLoggerListener.log Command line argument: --add-opens=java.base/java.util=ALL-UNNAMED
08-Apr-2025 12:14:57.927 INFO [main] org.apache.catalina.startup.VersionLoggerListener.log Command line argument: --add-opens=java.base/java.util.concurrent=ALL-UNNAMED
08-Apr-2025 12:14:57.927 INFO [main] org.apache.catalina.startup.VersionLoggerListener.log Command line argument: --add-opens=java.rmi/sun.rmi.transport=ALL-UNNAMED
08-Apr-2025 12:14:57.927 INFO [main] org.apache.catalina.startup.VersionLoggerListener.log Command line argument: -Dcatalina.home=/opt/tomcat
08-Apr-2025 12:14:57.927 INFO [main] org.apache.catalina.startup.VersionLoggerListener.log Command line argument: -Dcatalina.base=/home/filamentai/IdeaProjects/hackathon
08-Apr-2025 12:14:57.927 INFO [main] org.apache.catalina.startup.VersionLoggerListener.log Command line argument: -Djava.io.tmpdir=/home/filamentai/IdeaProjects/hackathon/temp
08-Apr-2025 12:14:57.927 INFO [main] org.apache.catalina.startup.VersionLoggerListener.log Command line argument: -Djava.util.logging.config.file=/home/filamentai/IdeaProjects/hackathon/conf/logging.properties
08-Apr-2025 12:14:57.928 INFO [main] org.apache.catalina.startup.VersionLoggerListener.log Command line argument: -Djava.util.logging.manager=org.apache.juli.ClassLoaderLogManager
08-Apr-2025 12:14:57.928 INFO [main] org.apache.catalina.startup.VersionLoggerListener.log Command line argument: -javaagent:/snap/intellij-idea-community/588/lib/idea_rt.jar=39783
08-Apr-2025 12:14:57.928 INFO [main] org.apache.catalina.startup.VersionLoggerListener.log Command line argument: -Dfile.encoding=UTF-8
08-Apr-2025 12:14:57.928 INFO [main] org.apache.catalina.startup.VersionLoggerListener.log Command line argument: -Dsun.stdout.encoding=UTF-8
08-Apr-2025 12:14:57.928 INFO [main] org.apache.catalina.startup.VersionLoggerListener.log Command line argument: -Dsun.stderr.encoding=UTF-8
08-Apr-2025 12:14:57.929 INFO [main] org.apache.catalina.core.AprLifecycleListener.lifecycleEvent The Apache Tomcat Native library which allows using OpenSSL was not found on the java.library.path: [/usr/java/packages/lib:/usr/lib64:/lib64:/lib:/usr/lib]
08-Apr-2025 12:14:58.316 INFO [main] org.apache.coyote.AbstractProtocol.init Initializing ProtocolHandler ["http-nio-8081"]
08-Apr-2025 12:14:58.332 INFO [main] org.apache.catalina.startup.Catalina.load Server initialization in [592] milliseconds
08-Apr-2025 12:14:58.367 INFO [main] org.apache.catalina.core.StandardService.startInternal Starting service [Catalina]
08-Apr-2025 12:14:58.367 INFO [main] org.apache.catalina.core.StandardEngine.startInternal Starting Servlet engine: [Apache Tomcat/9.0.99]
08-Apr-2025 12:14:58.373 INFO [main] org.apache.catalina.startup.HostConfig.deployDescriptor Deploying deployment descriptor [/home/filamentai/IdeaProjects/hackathon/conf/Catalina/localhost/hackathon.xml]
08-Apr-2025 12:14:58.883 INFO [main] org.apache.jasper.servlet.TldScanner.scanJars At least one JAR was scanned for TLDs yet contained no TLDs. Enable debug logging for this logger for a complete list of JARs that were scanned but no TLDs were found in them. Skipping unneeded JARs during scanning can improve startup time and JSP compilation time.
08-Apr-2025 12:14:58.907 INFO [main] org.apache.catalina.startup.HostConfig.deployDescriptor Deployment of deployment descriptor [/home/filamentai/IdeaProjects/hackathon/conf/Catalina/localhost/hackathon.xml] has finished in [533] ms
08-Apr-2025 12:14:58.909 INFO [main] org.apache.coyote.AbstractProtocol.start Starting ProtocolHandler ["http-nio-8081"]
08-Apr-2025 12:14:58.915 INFO [main] org.apache.catalina.startup.Catalina.start Server startup in [581] milliseconds
08-Apr-2025 12:15:03.300 INFO [Thread-1] org.apache.coyote.AbstractProtocol.pause Pausing ProtocolHandler ["http-nio-8081"]
08-Apr-2025 12:15:03.301 INFO [Thread-1] org.apache.catalina.core.StandardService.stopInternal Stopping service [Catalina]
08-Apr-2025 12:15:03.307 INFO [Thread-1] org.apache.coyote.AbstractProtocol.stop Stopping ProtocolHandler ["http-nio-8081"]
08-Apr-2025 12:15:03.309 INFO [Thread-1] org.apache.coyote.AbstractProtocol.destroy Destroying ProtocolHandler ["http-nio-8081"]
08-Apr-2025 12:20:01.205 INFO [main] org.apache.catalina.startup.VersionLoggerListener.log Server version name:   Apache Tomcat/9.0.99
08-Apr-2025 12:20:01.209 INFO [main] org.apache.catalina.startup.VersionLoggerListener.log Server built:          Feb 4 2025 20:08:08 UTC
08-Apr-2025 12:20:01.209 INFO [main] org.apache.catalina.startup.VersionLoggerListener.log Server version number: 9.0.99.0
08-Apr-2025 12:20:01.209 INFO [main] org.apache.catalina.startup.VersionLoggerListener.log OS Name:               Linux
08-Apr-2025 12:20:01.209 INFO [main] org.apache.catalina.startup.VersionLoggerListener.log OS Version:            5.15.0-136-generic
08-Apr-2025 12:20:01.209 INFO [main] org.apache.catalina.startup.VersionLoggerListener.log Architecture:          amd64
08-Apr-2025 12:20:01.210 INFO [main] org.apache.catalina.startup.VersionLoggerListener.log Java Home:             /usr/lib/jvm/jdk-22.0.2-oracle-x64
08-Apr-2025 12:20:01.210 INFO [main] org.apache.catalina.startup.VersionLoggerListener.log JVM Version:           22.0.2+9-70
08-Apr-2025 12:20:01.210 INFO [main] org.apache.catalina.startup.VersionLoggerListener.log JVM Vendor:            Oracle Corporation
08-Apr-2025 12:20:01.210 INFO [main] org.apache.catalina.startup.VersionLoggerListener.log CATALINA_BASE:         /home/filamentai/IdeaProjects/hackathon
08-Apr-2025 12:20:01.210 INFO [main] org.apache.catalina.startup.VersionLoggerListener.log CATALINA_HOME:         /opt/tomcat
08-Apr-2025 12:20:01.217 INFO [main] org.apache.catalina.startup.VersionLoggerListener.log Command line argument: --add-opens=java.base/java.lang=ALL-UNNAMED
08-Apr-2025 12:20:01.217 INFO [main] org.apache.catalina.startup.VersionLoggerListener.log Command line argument: --add-opens=java.base/java.io=ALL-UNNAMED
08-Apr-2025 12:20:01.217 INFO [main] org.apache.catalina.startup.VersionLoggerListener.log Command line argument: --add-opens=java.base/java.util=ALL-UNNAMED
08-Apr-2025 12:20:01.217 INFO [main] org.apache.catalina.startup.VersionLoggerListener.log Command line argument: --add-opens=java.base/java.util.concurrent=ALL-UNNAMED
08-Apr-2025 12:20:01.217 INFO [main] org.apache.catalina.startup.VersionLoggerListener.log Command line argument: --add-opens=java.rmi/sun.rmi.transport=ALL-UNNAMED
08-Apr-2025 12:20:01.217 INFO [main] org.apache.catalina.startup.VersionLoggerListener.log Command line argument: -Dcatalina.home=/opt/tomcat
08-Apr-2025 12:20:01.218 INFO [main] org.apache.catalina.startup.VersionLoggerListener.log Command line argument: -Dcatalina.base=/home/filamentai/IdeaProjects/hackathon
08-Apr-2025 12:20:01.218 INFO [main] org.apache.catalina.startup.VersionLoggerListener.log Command line argument: -Djava.io.tmpdir=/home/filamentai/IdeaProjects/hackathon/temp
08-Apr-2025 12:20:01.218 INFO [main] org.apache.catalina.startup.VersionLoggerListener.log Command line argument: -Djava.util.logging.config.file=/home/filamentai/IdeaProjects/hackathon/conf/logging.properties
08-Apr-2025 12:20:01.218 INFO [main] org.apache.catalina.startup.VersionLoggerListener.log Command line argument: -Djava.util.logging.manager=org.apache.juli.ClassLoaderLogManager
08-Apr-2025 12:20:01.218 INFO [main] org.apache.catalina.startup.VersionLoggerListener.log Command line argument: -javaagent:/snap/intellij-idea-community/588/lib/idea_rt.jar=34945
08-Apr-2025 12:20:01.218 INFO [main] org.apache.catalina.startup.VersionLoggerListener.log Command line argument: -Dfile.encoding=UTF-8
08-Apr-2025 12:20:01.218 INFO [main] org.apache.catalina.startup.VersionLoggerListener.log Command line argument: -Dsun.stdout.encoding=UTF-8
08-Apr-2025 12:20:01.218 INFO [main] org.apache.catalina.startup.VersionLoggerListener.log Command line argument: -Dsun.stderr.encoding=UTF-8
08-Apr-2025 12:20:01.220 INFO [main] org.apache.catalina.core.AprLifecycleListener.lifecycleEvent The Apache Tomcat Native library which allows using OpenSSL was not found on the java.library.path: [/usr/java/packages/lib:/usr/lib64:/lib64:/lib:/usr/lib]
08-Apr-2025 12:20:01.615 INFO [main] org.apache.coyote.AbstractProtocol.init Initializing ProtocolHandler ["http-nio-8081"]
08-Apr-2025 12:20:01.637 INFO [main] org.apache.catalina.startup.Catalina.load Server initialization in [621] milliseconds
08-Apr-2025 12:20:01.682 INFO [main] org.apache.catalina.core.StandardService.startInternal Starting service [Catalina]
08-Apr-2025 12:20:01.683 INFO [main] org.apache.catalina.core.StandardEngine.startInternal Starting Servlet engine: [Apache Tomcat/9.0.99]
08-Apr-2025 12:20:01.690 INFO [main] org.apache.catalina.startup.HostConfig.deployDescriptor Deploying deployment descriptor [/home/filamentai/IdeaProjects/hackathon/conf/Catalina/localhost/hackathon.xml]
08-Apr-2025 12:20:02.211 INFO [main] org.apache.jasper.servlet.TldScanner.scanJars At least one JAR was scanned for TLDs yet contained no TLDs. Enable debug logging for this logger for a complete list of JARs that were scanned but no TLDs were found in them. Skipping unneeded JARs during scanning can improve startup time and JSP compilation time.
08-Apr-2025 12:20:02.243 INFO [main] org.apache.catalina.startup.HostConfig.deployDescriptor Deployment of deployment descriptor [/home/filamentai/IdeaProjects/hackathon/conf/Catalina/localhost/hackathon.xml] has finished in [553] ms
08-Apr-2025 12:20:02.247 INFO [main] org.apache.coyote.AbstractProtocol.start Starting ProtocolHandler ["http-nio-8081"]
08-Apr-2025 12:20:02.256 INFO [main] org.apache.catalina.startup.Catalina.start Server startup in [617] milliseconds
08-Apr-2025 12:22:21.435 WARNING [http-nio-8081-exec-2] com.mongodb.internal.diagnostics.logging.Loggers.shouldUseSLF4J SLF4J not found on the classpath.  Logging is disabled for the 'org.mongodb.driver' component
